Start testing: Jan 29 20:50 Caucasus Standard Time
----------------------------------------------------------
1/1 Testing: Smoke.Basic
1/1 Test: Smoke.Basic
Command: "C:/Users/Vahe Yeghiazaryan/Documents/dev/Portfolio/stlish/build/tests/stlish_smoke_test.exe" "--gtest_filter=Smoke.Basic" "--gtest_also_run_disabled_tests"
Directory: C:/Users/Vahe Yeghiazaryan/Documents/dev/Portfolio/stlish/build/tests
"Smoke.Basic" start time: Jan 29 20:50 Caucasus Standard Time
Output:
----------------------------------------------------------
Running main() from C:/Users/Vahe Yeghiazaryan/Documents/dev/Portfolio/stlish/build/_deps/googletest-src/googletest/src/gtest_main.cc
Note: Google Test filter = Smoke.Basic
[==========] Running 1 test from 1 test suite.
[----------] Global test environment set-up.
[----------] 1 test from Smoke
[ RUN      ] Smoke.Basic
[       OK ] Smoke.Basic (0 ms)
[----------] 1 test from Smoke (0 ms total)

[----------] Global test environment tear-down
[==========] 1 test from 1 test suite ran. (0 ms total)
[  PASSED  ] 1 test.
<end of output>
Test time =   0.01 sec
----------------------------------------------------------
Test Passed.
"Smoke.Basic" end time: Jan 29 20:50 Caucasus Standard Time
"Smoke.Basic" time elapsed: 00:00:00
----------------------------------------------------------

End testing: Jan 29 20:50 Caucasus Standard Time
